<?xml version="1.0" encoding="UTF-8"?>
<coverage generated="1691176357187" clover="3.2.0">
  <project timestamp="1691176357187" name="All files">
    <metrics statements="134" coveredstatements="130" conditionals="13" coveredconditionals="12" methods="9" coveredmethods="8" elements="156" coveredelements="150" complexity="0" loc="134" ncloc="134" packages="1" files="2" classes="2"/>
    <file name="Blog.jsx" path="C:\Users\Jagger\Desktop\fullstack-open\part5\bloglist-frontend\src\components\Blog.jsx">
      <metrics statements="67" coveredstatements="63" conditionals="8" coveredconditionals="7" methods="4" coveredmethods="3"/>
      <line num="1" count="1" type="stmt"/>
      <line num="2" count="1" type="stmt"/>
      <line num="3" count="1" type="stmt"/>
      <line num="4" count="1" type="cond" truecount="1" falsecount="0"/>
      <line num="5" count="6" type="stmt"/>
      <line num="6" count="6" type="stmt"/>
      <line num="7" count="6" type="stmt"/>
      <line num="8" count="6" type="stmt"/>
      <line num="9" count="6" type="stmt"/>
      <line num="10" count="6" type="stmt"/>
      <line num="11" count="6" type="stmt"/>
      <line num="12" count="6" type="stmt"/>
      <line num="13" count="6" type="stmt"/>
      <line num="14" count="6" type="stmt"/>
      <line num="15" count="6" type="stmt"/>
      <line num="16" count="6" type="cond" truecount="1" falsecount="0"/>
      <line num="17" count="1" type="stmt"/>
      <line num="18" count="1" type="stmt"/>
      <line num="19" count="6" type="stmt"/>
      <line num="20" count="6" type="cond" truecount="1" falsecount="0"/>
      <line num="21" count="2" type="stmt"/>
      <line num="22" count="2" type="stmt"/>
      <line num="23" count="2" type="stmt"/>
      <line num="24" count="2" type="stmt"/>
      <line num="25" count="6" type="stmt"/>
      <line num="26" count="6" type="stmt"/>
      <line num="27" count="0" type="stmt"/>
      <line num="28" count="0" type="stmt"/>
      <line num="29" count="0" type="stmt"/>
      <line num="30" count="0" type="stmt"/>
      <line num="31" count="6" type="stmt"/>
      <line num="32" count="6" type="stmt"/>
      <line num="33" count="6" type="stmt"/>
      <line num="34" count="6" type="stmt"/>
      <line num="35" count="6" type="stmt"/>
      <line num="36" count="6" type="cond" truecount="2" falsecount="0"/>
      <line num="37" count="6" type="stmt"/>
      <line num="38" count="6" type="cond" truecount="2" falsecount="0"/>
      <line num="39" count="6" type="stmt"/>
      <line num="40" count="6" type="stmt"/>
      <line num="41" count="6" type="stmt"/>
      <line num="42" count="6" type="stmt"/>
      <line num="43" count="6" type="stmt"/>
      <line num="44" count="6" type="stmt"/>
      <line num="45" count="6" type="stmt"/>
      <line num="46" count="6" type="stmt"/>
      <line num="47" count="6" type="stmt"/>
      <line num="48" count="6" type="cond" truecount="0" falsecount="1"/>
      <line num="49" count="6" type="stmt"/>
      <line num="50" count="6" type="stmt"/>
      <line num="51" count="6" type="stmt"/>
      <line num="52" count="6" type="stmt"/>
      <line num="53" count="6" type="stmt"/>
      <line num="54" count="6" type="stmt"/>
      <line num="55" count="6" type="stmt"/>
      <line num="56" count="6" type="stmt"/>
      <line num="57" count="6" type="stmt"/>
      <line num="58" count="6" type="stmt"/>
      <line num="59" count="1" type="stmt"/>
      <line num="60" count="1" type="stmt"/>
      <line num="61" count="1" type="stmt"/>
      <line num="62" count="1" type="stmt"/>
      <line num="63" count="1" type="stmt"/>
      <line num="64" count="1" type="stmt"/>
      <line num="65" count="1" type="stmt"/>
      <line num="66" count="1" type="stmt"/>
      <line num="67" count="1" type="stmt"/>
    </file>
    <file name="BlogForm.jsx" path="C:\Users\Jagger\Desktop\fullstack-open\part5\bloglist-frontend\src\components\BlogForm.jsx">
      <metrics statements="67" coveredstatements="67" conditionals="5" coveredconditionals="5" methods="5" coveredmethods="5"/>
      <line num="1" count="1" type="stmt"/>
      <line num="2" count="1" type="stmt"/>
      <line num="3" count="1" type="stmt"/>
      <line num="4" count="1" type="cond" truecount="1" falsecount="0"/>
      <line num="5" count="31" type="stmt"/>
      <line num="6" count="31" type="stmt"/>
      <line num="7" count="31" type="stmt"/>
      <line num="8" count="31" type="stmt"/>
      <line num="9" count="31" type="cond" truecount="1" falsecount="0"/>
      <line num="10" count="1" type="stmt"/>
      <line num="11" count="1" type="stmt"/>
      <line num="12" count="1" type="stmt"/>
      <line num="13" count="1" type="stmt"/>
      <line num="14" count="1" type="stmt"/>
      <line num="15" count="1" type="stmt"/>
      <line num="16" count="1" type="stmt"/>
      <line num="17" count="1" type="stmt"/>
      <line num="18" count="1" type="stmt"/>
      <line num="19" count="1" type="stmt"/>
      <line num="20" count="31" type="stmt"/>
      <line num="21" count="31" type="stmt"/>
      <line num="22" count="31" type="stmt"/>
      <line num="23" count="31" type="stmt"/>
      <line num="24" count="31" type="stmt"/>
      <line num="25" count="31" type="stmt"/>
      <line num="26" count="31" type="stmt"/>
      <line num="27" count="31" type="stmt"/>
      <line num="28" count="31" type="stmt"/>
      <line num="29" count="31" type="stmt"/>
      <line num="30" count="31" type="stmt"/>
      <line num="31" count="31" type="cond" truecount="1" falsecount="0"/>
      <line num="32" count="31" type="stmt"/>
      <line num="33" count="31" type="stmt"/>
      <line num="34" count="31" type="stmt"/>
      <line num="35" count="31" type="stmt"/>
      <line num="36" count="31" type="stmt"/>
      <line num="37" count="31" type="stmt"/>
      <line num="38" count="31" type="stmt"/>
      <line num="39" count="31" type="stmt"/>
      <line num="40" count="31" type="stmt"/>
      <line num="41" count="31" type="cond" truecount="1" falsecount="0"/>
      <line num="42" count="31" type="stmt"/>
      <line num="43" count="31" type="stmt"/>
      <line num="44" count="31" type="stmt"/>
      <line num="45" count="31" type="stmt"/>
      <line num="46" count="31" type="stmt"/>
      <line num="47" count="31" type="stmt"/>
      <line num="48" count="31" type="stmt"/>
      <line num="49" count="31" type="stmt"/>
      <line num="50" count="31" type="stmt"/>
      <line num="51" count="31" type="cond" truecount="1" falsecount="0"/>
      <line num="52" count="31" type="stmt"/>
      <line num="53" count="31" type="stmt"/>
      <line num="54" count="31" type="stmt"/>
      <line num="55" count="31" type="stmt"/>
      <line num="56" count="31" type="stmt"/>
      <line num="57" count="31" type="stmt"/>
      <line num="58" count="31" type="stmt"/>
      <line num="59" count="31" type="stmt"/>
      <line num="60" count="31" type="stmt"/>
      <line num="61" count="31" type="stmt"/>
      <line num="62" count="1" type="stmt"/>
      <line num="63" count="1" type="stmt"/>
      <line num="64" count="1" type="stmt"/>
      <line num="65" count="1" type="stmt"/>
      <line num="66" count="1" type="stmt"/>
      <line num="67" count="1" type="stmt"/>
    </file>
  </project>
</coverage>
